#
# A fatal error has been detected by the Java Runtime Environment:
#
#  EXCEPTION_ACCESS_VIOLATION (0xc0000005) at pc=0x000000006084620e, pid=6724, tid=0x0000000000002790
#
# JRE version: OpenJDK Runtime Environment (8.0_112-b06) (build 1.8.0_112-release-b06)
# Java VM: OpenJDK 64-Bit Server VM (25.112-b06 mixed mode windows-amd64 compressed oops)
# Problematic frame:
# V  [jvm.dll+0x46620e]
#
# Failed to write core dump. Minidumps are not enabled by default on client versions of Windows
#
# If you would like to submit a bug report, please visit:
#   http://bugreport.java.com/bugreport/crash.jsp
#

---------------  T H R E A D  ---------------

Current thread (0x0000000016c0e000):  JavaThread "C2 CompilerThread1" daemon [_thread_in_native, id=10128, stack(0x00000000186b0000,0x00000000187b0000)]

siginfo: ExceptionCode=0xc0000005, reading address 0x0000000000000000

Registers:
RAX=0x0000000021300560, RBX=0x000000002129c2d0, RCX=0x0000000000000000, RDX=0x0000000000000000
RSP=0x00000000187ac390, RBP=0x0000000000000012, RSI=0x00000000187ac490, RDI=0x0000000000000012
R8 =0x0000000000040000, R9 =0x0000000000000000, R10=0x00000000603e0000, R11=0x00000000187ac180
R12=0x0000000060ba2010, R13=0x00000000603e0000, R14=0x000000001b1ec8f8, R15=0x00000000000003d8
RIP=0x000000006084620e, EFLAGS=0x0000000000010206

Top of Stack: (sp=0x00000000187ac390)
0x00000000187ac390:   000000002123b390 000000002123b390
0x00000000187ac3a0:   0000000000000012 00000000187ac490
0x00000000187ac3b0:   000009b8000000cf 0000000000000006
0x00000000187ac3c0:   0000000100000002 000000000000000a
0x00000000187ac3d0:   000000002123bbc0 0000000000200009
0x00000000187ac3e0:   000000002123bbb0 00000000187ac780
0x00000000187ac3f0:   000000001b1ec520 00000000187ac780
0x00000000187ac400:   000000001b1ec510 0000000060812ca1
0x00000000187ac410:   0000000000000000 00000000187ac510
0x00000000187ac420:   0000000000000000 0000000000000007
0x00000000187ac430:   0000000000000002 000000001b1ec510
0x00000000187ac440:   0000000021ddfc80 0000000021de2930
0x00000000187ac450:   0000000021de7c68 00000000000f22a0
0x00000000187ac460:   0000000000000002 00000000195f5420
0x00000000187ac470:   00000000195f5420 00000000195f5430
0x00000000187ac480:   00000000195f5808 00000000000003d8 

Instructions: (pc=0x000000006084620e)
0x00000000608461ee:   e8 bd 4a 00 00 4c 8b c8 8b d7 8b cf 41 b8 01 00
0x00000000608461fe:   00 00 c1 ea 05 83 e1 1f 83 e2 07 41 d3 e0 8b ca
0x000000006084620e:   41 8b 14 91 8b c2 41 0b c0 41 89 04 89 41 85 d0
0x000000006084621e:   0f 85 44 ff ff ff ff 03 e9 3d ff ff ff ff c7 3b 


Register to memory mapping:

RAX=0x0000000021300560 is an unknown value
RBX=0x000000002129c2d0 is an unknown value
RCX=0x0000000000000000 is an unknown value
RDX=0x0000000000000000 is an unknown value
RSP=0x00000000187ac390 is pointing into the stack for thread: 0x0000000016c0e000
RBP=0x0000000000000012 is an unknown value
RSI=0x00000000187ac490 is pointing into the stack for thread: 0x0000000016c0e000
RDI=0x0000000000000012 is an unknown value
R8 =0x0000000000040000 is an unknown value
R9 =0x0000000000000000 is an unknown value
R10=0x00000000603e0000 is an unknown value
R11=0x00000000187ac180 is pointing into the stack for thread: 0x0000000016c0e000
R12=0x0000000060ba2010 is an unknown value
R13=0x00000000603e0000 is an unknown value
R14=0x000000001b1ec8f8 is an unknown value
R15=0x00000000000003d8 is an unknown value


Stack: [0x00000000186b0000,0x00000000187b0000],  sp=0x00000000187ac390,  free space=1008k
Native frames: (J=compiled Java code, j=interpreted, Vv=VM code, C=native code)
V  [jvm.dll+0x46620e]
V  [jvm.dll+0x432ca1]
V  [jvm.dll+0x43d6bb]
V  [jvm.dll+0x43ff8e]
V  [jvm.dll+0x423242]
V  [jvm.dll+0x80b29]
V  [jvm.dll+0x8145f]
V  [jvm.dll+0x21be7f]
V  [jvm.dll+0x26c13a]
C  [msvcr100.dll+0x21d9f]
C  [msvcr100.dll+0x21e3b]
C  [KERNEL32.DLL+0x12774]
C  [ntdll.dll+0x70d51]


Current CompileTask:
C2:5475117 37929       4       com.android.dx.ssa.SsaRenamer$BlockRenamer::process (191 bytes)


---------------  P R O C E S S  ---------------

Java Threads: ( => current thread )
  0x000000001c70a000 JavaThread "pool-75-thread-4" [_thread_blocked, id=656, stack(0x00000000469a0000,0x0000000046aa0000)]
  0x000000001c701000 JavaThread "pool-75-thread-3" [_thread_blocked, id=10452, stack(0x00000000468a0000,0x00000000469a0000)]
  0x000000001c708000 JavaThread "pool-75-thread-2" [_thread_blocked, id=8084, stack(0x00000000467a0000,0x00000000468a0000)]
  0x000000001c700800 JavaThread "pool-76-thread-1" [_thread_blocked, id=8676, stack(0x00000000466a0000,0x00000000467a0000)]
  0x000000001c705800 JavaThread "pool-75-thread-1" [_thread_blocked, id=2000, stack(0x00000000465a0000,0x00000000466a0000)]
  0x000000001c702000 JavaThread "pool-73-thread-4" [_thread_blocked, id=6288, stack(0x00000000464a0000,0x00000000465a0000)]
  0x000000001c708800 JavaThread "pool-73-thread-3" [_thread_blocked, id=10580, stack(0x00000000463a0000,0x00000000464a0000)]
  0x000000001c705000 JavaThread "pool-73-thread-2" [_thread_blocked, id=820, stack(0x00000000462a0000,0x00000000463a0000)]
  0x000000001c703800 JavaThread "pool-74-thread-1" [_thread_blocked, id=4616, stack(0x00000000461a0000,0x00000000462a0000)]
  0x000000001c6ff800 JavaThread "pool-73-thread-1" [_thread_blocked, id=824, stack(0x00000000460a0000,0x00000000461a0000)]
  0x000000001c707000 JavaThread "pool-67-thread-4" [_thread_blocked, id=7984, stack(0x00000000459a0000,0x0000000045aa0000)]
  0x000000001c706800 JavaThread "pool-67-thread-3" [_thread_blocked, id=7428, stack(0x00000000458a0000,0x00000000459a0000)]
  0x000000001c6ff000 JavaThread "pool-67-thread-2" [_thread_blocked, id=4580, stack(0x00000000457a0000,0x00000000458a0000)]
  0x000000001c6fe000 JavaThread "pool-70-thread-1" [_thread_blocked, id=5984, stack(0x00000000454a0000,0x00000000455a0000)]
  0x000000001c704000 JavaThread "pool-67-thread-1" [_thread_blocked, id=904, stack(0x00000000452a0000,0x00000000453a0000)]
  0x000000001e5bd800 JavaThread "pool-64-thread-4" [_thread_blocked, id=3132, stack(0x0000000044ea0000,0x0000000044fa0000)]
  0x000000001e5c2000 JavaThread "pool-64-thread-3" [_thread_blocked, id=7620, stack(0x0000000044da0000,0x0000000044ea0000)]
  0x000000001e5c1000 JavaThread "pool-64-thread-2" [_thread_blocked, id=1276, stack(0x0000000044ca0000,0x0000000044da0000)]
  0x000000001e5c0800 JavaThread "pool-64-thread-1" [_thread_blocked, id=1536, stack(0x0000000044ba0000,0x0000000044ca0000)]
  0x000000001e5bf800 JavaThread "pool-63-thread-4" [_thread_blocked, id=8824, stack(0x0000000044aa0000,0x0000000044ba0000)]
  0x000000001e5b6000 JavaThread "pool-63-thread-3" [_thread_blocked, id=10944, stack(0x00000000449a0000,0x0000000044aa0000)]
  0x000000001e5bc000 JavaThread "pool-63-thread-2" [_thread_blocked, id=5780, stack(0x00000000448a0000,0x00000000449a0000)]
  0x000000001e5b9000 JavaThread "pool-63-thread-1" [_thread_blocked, id=5848, stack(0x00000000447a0000,0x00000000448a0000)]
  0x0000000021113800 JavaThread "Cache update executor" [_thread_blocked, id=3552, stack(0x00000000440a0000,0x00000000441a0000)]
  0x0000000021112000 JavaThread "Stdin handler" [_thread_blocked, id=6392, stack(0x0000000043fa0000,0x00000000440a0000)]
  0x0000000021111000 JavaThread "Asynchronous log dispatcher for DefaultDaemonConnection: socket connection from /127.0.0.1:49798 to /127.0.0.1:57928" [_thread_blocked, id=6748, stack(0x0000000043ea0000,0x0000000043fa0000)]
  0x000000002110f000 JavaThread "Cancel handler" [_thread_blocked, id=7604, stack(0x0000000043da0000,0x0000000043ea0000)]
  0x000000002110e000 JavaThread "Handler for socket connection from /127.0.0.1:49798 to /127.0.0.1:57928" [_thread_in_native, id=11072, stack(0x0000000043ca0000,0x0000000043da0000)]
  0x0000000021110800 JavaThread "stdout" daemon [_thread_in_native, id=4992, stack(0x0000000042ea0000,0x0000000042fa0000)]
  0x0000000021112800 JavaThread "stderr" daemon [_thread_in_native, id=6660, stack(0x0000000042da0000,0x0000000042ea0000)]
  0x000000002110f800 JavaThread "stdout" daemon [_thread_in_native, id=1512, stack(0x0000000042ca0000,0x0000000042da0000)]
  0x0000000021106800 JavaThread "stderr" daemon [_thread_in_native, id=9772, stack(0x0000000042ba0000,0x0000000042ca0000)]
  0x0000000021109000 JavaThread "stdout" daemon [_thread_in_native, id=8352, stack(0x0000000042aa0000,0x0000000042ba0000)]
  0x000000002110d800 JavaThread "stderr" daemon [_thread_in_native, id=8780, stack(0x00000000429a0000,0x0000000042aa0000)]
  0x0000000021108000 JavaThread "stdout" daemon [_thread_in_native, id=11216, stack(0x00000000428a0000,0x00000000429a0000)]
  0x0000000021106000 JavaThread "stderr" daemon [_thread_in_native, id=1112, stack(0x00000000427a0000,0x00000000428a0000)]
  0x0000000021109800 JavaThread "stdout" daemon [_thread_in_native, id=3452, stack(0x00000000426a0000,0x00000000427a0000)]
  0x000000002110c000 JavaThread "stderr" daemon [_thread_in_native, id=3248, stack(0x00000000425a0000,0x00000000426a0000)]
  0x000000002110c800 JavaThread "stdout" daemon [_thread_in_native, id=1436, stack(0x00000000424a0000,0x00000000425a0000)]
  0x000000002110a800 JavaThread "stderr" daemon [_thread_in_native, id=8348, stack(0x00000000423a0000,0x00000000424a0000)]
  0x0000000021107800 JavaThread "stdout" daemon [_thread_in_native, id=10972, stack(0x00000000422a0000,0x00000000423a0000)]
  0x000000002110b000 JavaThread "stderr" daemon [_thread_in_native, id=1144, stack(0x00000000421a0000,0x00000000422a0000)]
  0x000000001b00a800 JavaThread "stdout" daemon [_thread_in_native, id=8308, stack(0x00000000420a0000,0x00000000421a0000)]
  0x000000001b00a000 JavaThread "stderr" daemon [_thread_in_native, id=4704, stack(0x0000000041fa0000,0x00000000420a0000)]
  0x000000001b010000 JavaThread "stdout" daemon [_thread_in_native, id=4852, stack(0x0000000041ea0000,0x0000000041fa0000)]
  0x000000001b00c000 JavaThread "stderr" daemon [_thread_in_native, id=7156, stack(0x0000000041da0000,0x0000000041ea0000)]
  0x000000001b00b800 JavaThread "stdout" daemon [_thread_in_native, id=5004, stack(0x0000000041ca0000,0x0000000041da0000)]
  0x000000001b00f000 JavaThread "stderr" daemon [_thread_in_native, id=1372, stack(0x0000000041ba0000,0x0000000041ca0000)]
  0x000000001b00d800 JavaThread "stdout" daemon [_thread_in_native, id=3340, stack(0x0000000041aa0000,0x0000000041ba0000)]
  0x000000001b00e800 JavaThread "stderr" daemon [_thread_in_native, id=1388, stack(0x00000000419a0000,0x0000000041aa0000)]
  0x000000001b010800 JavaThread "stdout" daemon [_thread_in_native, id=9628, stack(0x00000000418a0000,0x00000000419a0000)]
  0x000000001b00d000 JavaThread "stderr" daemon [_thread_in_native, id=10956, stack(0x00000000417a0000,0x00000000418a0000)]
  0x000000001b002800 JavaThread "stdout" daemon [_thread_in_native, id=7140, stack(0x00000000416a0000,0x00000000417a0000)]
  0x000000001b007000 JavaThread "stderr" daemon [_thread_in_native, id=1280, stack(0x00000000415a0000,0x00000000416a0000)]
  0x000000001b009000 JavaThread "png-cruncher_15" daemon [_thread_blocked, id=4068, stack(0x00000000414a0000,0x00000000415a0000)]
  0x000000001b001800 JavaThread "png-cruncher_14" daemon [_thread_blocked, id=2584, stack(0x00000000413a0000,0x00000000414a0000)]
  0x000000001b003000 JavaThread "png-cruncher_13" daemon [_thread_blocked, id=7048, stack(0x00000000412a0000,0x00000000413a0000)]
  0x000000001b006000 JavaThread "png-cruncher_12" daemon [_thread_blocked, id=5300, stack(0x00000000411a0000,0x00000000412a0000)]
  0x000000001b007800 JavaThread "png-cruncher_11" daemon [_thread_blocked, id=2204, stack(0x00000000410a0000,0x00000000411a0000)]
  0x000000001b008800 JavaThread "stdout" daemon [_thread_in_native, id=1992, stack(0x0000000040fa0000,0x00000000410a0000)]
  0x000000001b004000 JavaThread "stderr" daemon [_thread_in_native, id=6148, stack(0x0000000040ea0000,0x0000000040fa0000)]
  0x000000001b005800 JavaThread "png-cruncher_10" daemon [_thread_blocked, id=5544, stack(0x0000000040da0000,0x0000000040ea0000)]
  0x000000001b004800 JavaThread "png-cruncher_9" daemon [_thread_blocked, id=6480, stack(0x0000000040ca0000,0x0000000040da0000)]
  0x000000001a7f6000 JavaThread "png-cruncher_8" daemon [_thread_blocked, id=4680, stack(0x0000000040ba0000,0x0000000040ca0000)]
  0x000000001f4c7000 JavaThread "png-cruncher_7" daemon [_thread_blocked, id=9372, stack(0x0000000040aa0000,0x0000000040ba0000)]
  0x000000001cdf5800 JavaThread "png-cruncher_6" daemon [_thread_blocked, id=5132, stack(0x00000000409a0000,0x0000000040aa0000)]
  0x000000001cdfc800 JavaThread "stdout" daemon [_thread_in_native, id=1752, stack(0x00000000408a0000,0x00000000409a0000)]
  0x000000001fdc7000 JavaThread "stderr" daemon [_thread_in_native, id=3416, stack(0x00000000407a0000,0x00000000408a0000)]
  0x000000001fdbe800 JavaThread "png-cruncher_5" daemon [_thread_blocked, id=10536, stack(0x00000000406a0000,0x00000000407a0000)]
  0x000000001fdbb800 JavaThread "png-cruncher_4" daemon [_thread_blocked, id=7108, stack(0x00000000405a0000,0x00000000406a0000)]
  0x000000001fdc2800 JavaThread "png-cruncher_3" daemon [_thread_blocked, id=1956, stack(0x00000000404a0000,0x00000000405a0000)]
  0x000000001fdc0000 JavaThread "png-cruncher_2" daemon [_thread_blocked, id=5104, stack(0x00000000403a0000,0x00000000404a0000)]
  0x000000001e5c2800 JavaThread "png-cruncher_1" daemon [_thread_blocked, id=6692, stack(0x00000000402a0000,0x00000000403a0000)]
  0x000000001e5b6800 JavaThread "Daemon worker Thread 12" [_thread_blocked, id=6260, stack(0x000000003f6a0000,0x000000003f7a0000)]
  0x000000001fc83800 JavaThread "Daemon Thread 12" [_thread_blocked, id=376, stack(0x000000003f3a0000,0x000000003f4a0000)]
  0x000000001e5b8000 JavaThread "pool-15-thread-4" [_thread_blocked, id=4844, stack(0x000000003c5a0000,0x000000003c6a0000)]
  0x000000001e5c4000 JavaThread "pool-15-thread-3" [_thread_blocked, id=1376, stack(0x000000003afa0000,0x000000003b0a0000)]
  0x000000001fc81000 JavaThread "pool-15-thread-2" [_thread_blocked, id=7580, stack(0x00000000340a0000,0x00000000341a0000)]
  0x000000001a7f0000 JavaThread "pool-15-thread-1" [_thread_blocked, id=9096, stack(0x000000002dba0000,0x000000002dca0000)]
  0x000000001a7f5800 JavaThread "stdout" daemon [_thread_in_native, id=8796, stack(0x00000000275a0000,0x00000000276a0000)]
  0x000000001a7e8000 JavaThread "stderr" daemon [_thread_in_native, id=8792, stack(0x00000000274a0000,0x00000000275a0000)]
  0x000000001a7eb000 JavaThread "stdout" daemon [_thread_in_native, id=8740, stack(0x00000000273a0000,0x00000000274a0000)]
  0x000000001a7ea000 JavaThread "stderr" daemon [_thread_in_native, id=8736, stack(0x00000000272a0000,0x00000000273a0000)]
  0x000000001a7ee800 JavaThread "stdout" daemon [_thread_in_native, id=8700, stack(0x00000000271a0000,0x00000000272a0000)]
  0x000000001a7ee000 JavaThread "stderr" daemon [_thread_in_native, id=8692, stack(0x00000000270a0000,0x00000000271a0000)]
  0x000000001a7ed000 JavaThread "stdout" daemon [_thread_in_native, id=8652, stack(0x0000000026fa0000,0x00000000270a0000)]
  0x000000001a7eb800 JavaThread "stderr" daemon [_thread_in_native, id=8648, stack(0x0000000026ea0000,0x0000000026fa0000)]
  0x000000001a7e7000 JavaThread "stdout" daemon [_thread_in_native, id=8600, stack(0x0000000026da0000,0x0000000026ea0000)]
  0x000000001a7e9800 JavaThread "stderr" daemon [_thread_in_native, id=8596, stack(0x0000000026ca0000,0x0000000026da0000)]
  0x000000001a7e8800 JavaThread "stdout" daemon [_thread_in_native, id=8540, stack(0x0000000026aa0000,0x0000000026ba0000)]
  0x0000000018e98000 JavaThread "stderr" daemon [_thread_in_native, id=8536, stack(0x00000000269a0000,0x0000000026aa0000)]
  0x000000001cdfb800 JavaThread "stdout" daemon [_thread_in_native, id=8504, stack(0x00000000268a0000,0x00000000269a0000)]
  0x000000001f4d1800 JavaThread "stderr" daemon [_thread_in_native, id=8496, stack(0x00000000267a0000,0x00000000268a0000)]
  0x000000001f4d2000 JavaThread "stdout" daemon [_thread_in_native, id=8460, stack(0x00000000266a0000,0x00000000267a0000)]
  0x000000001f4d0800 JavaThread "stderr" daemon [_thread_in_native, id=8456, stack(0x00000000265a0000,0x00000000266a0000)]
  0x000000001f4d0000 JavaThread "stdout" daemon [_thread_in_native, id=8412, stack(0x00000000263a0000,0x00000000264a0000)]
  0x000000001f4cd000 JavaThread "stderr" daemon [_thread_in_native, id=8404, stack(0x00000000262a0000,0x00000000263a0000)]
  0x000000001f4cf000 JavaThread "stdout" daemon [_thread_in_native, id=8364, stack(0x00000000261a0000,0x00000000262a0000)]
  0x000000001f4ce800 JavaThread "stderr" daemon [_thread_in_native, id=8360, stack(0x00000000260a0000,0x00000000261a0000)]
  0x000000001f4cd800 JavaThread "stdout" daemon [_thread_in_native, id=8324, stack(0x0000000025fa0000,0x00000000260a0000)]
  0x000000001f4cb800 JavaThread "stderr" daemon [_thread_in_native, id=8320, stack(0x0000000025ea0000,0x0000000025fa0000)]
  0x000000001f4cc000 JavaThread "stdout" daemon [_thread_in_native, id=8276, stack(0x0000000025ca0000,0x0000000025da0000)]
  0x000000001f4c6000 JavaThread "stderr" daemon [_thread_in_native, id=8272, stack(0x0000000025ba0000,0x0000000025ca0000)]
  0x000000001f4ca000 JavaThread "stdout" daemon [_thread_in_native, id=8228, stack(0x00000000259a0000,0x0000000025aa0000)]
  0x000000001f4c7800 JavaThread "stderr" daemon [_thread_in_native, id=8224, stack(0x00000000258a0000,0x00000000259a0000)]
  0x000000001f4c4800 JavaThread "stdout" daemon [_thread_in_native, id=8200, stack(0x00000000257a0000,0x00000000258a0000)]
  0x000000001f4c4000 JavaThread "stderr" daemon [_thread_in_native, id=8196, stack(0x00000000256a0000,0x00000000257a0000)]
  0x000000001f4c5800 JavaThread "stdout" daemon [_thread_in_native, id=7860, stack(0x00000000254a0000,0x00000000255a0000)]
  0x000000001f4ca800 JavaThread "stderr" daemon [_thread_in_native, id=7848, stack(0x00000000253a0000,0x00000000254a0000)]
  0x000000001f4c8800 JavaThread "stdout" daemon [_thread_in_native, id=7252, stack(0x00000000252a0000,0x00000000253a0000)]
  0x000000001f4c3000 JavaThread "stderr" daemon [_thread_in_native, id=8184, stack(0x00000000251a0000,0x00000000252a0000)]
  0x0000000018e9b800 JavaThread "stdout" daemon [_thread_in_native, id=8152, stack(0x00000000250a0000,0x00000000251a0000)]
  0x0000000018e98800 JavaThread "stderr" daemon [_thread_in_native, id=8148, stack(0x0000000024fa0000,0x00000000250a0000)]
  0x0000000018e9a000 JavaThread "stdout" daemon [_thread_in_native, id=9320, stack(0x0000000024ea0000,0x0000000024fa0000)]
  0x0000000018e99800 JavaThread "stderr" daemon [_thread_in_native, id=9236, stack(0x0000000024da0000,0x0000000024ea0000)]
  0x0000000018e9b000 JavaThread "stdout" daemon [_thread_in_native, id=9272, stack(0x0000000024ba0000,0x0000000024ca0000)]
  0x0000000018e97000 JavaThread "stderr" daemon [_thread_in_native, id=9336, stack(0x0000000024aa0000,0x0000000024ba0000)]
  0x0000000018e9d000 JavaThread "stdout" daemon [_thread_in_native, id=9252, stack(0x00000000249a0000,0x0000000024aa0000)]
  0x0000000018e9c800 JavaThread "stderr" daemon [_thread_in_native, id=9224, stack(0x00000000248a0000,0x00000000249a0000)]
  0x0000000018e8f800 JavaThread "png-cruncher_20" daemon [_thread_blocked, id=9196, stack(0x00000000247a0000,0x00000000248a0000)]
  0x0000000018e96800 JavaThread "png-cruncher_19" daemon [_thread_blocked, id=9200, stack(0x00000000246a0000,0x00000000247a0000)]
  0x0000000018e92000 JavaThread "png-cruncher_18" daemon [_thread_blocked, id=9328, stack(0x00000000245a0000,0x00000000246a0000)]
  0x0000000018e95800 JavaThread "png-cruncher_17" daemon [_thread_blocked, id=9260, stack(0x00000000244a0000,0x00000000245a0000)]
  0x0000000018e91000 JavaThread "png-cruncher_16" daemon [_thread_blocked, id=9256, stack(0x00000000243a0000,0x00000000244a0000)]
  0x0000000018e90800 JavaThread "png-cruncher_15" daemon [_thread_blocked, id=7160, stack(0x00000000242a0000,0x00000000243a0000)]
  0x0000000018e8e000 JavaThread "png-cruncher_14" daemon [_thread_blocked, id=6256, stack(0x00000000241a0000,0x00000000242a0000)]
  0x0000000018e95000 JavaThread "png-cruncher_13" daemon [_thread_blocked, id=7532, stack(0x00000000240a0000,0x00000000241a0000)]
  0x0000000018e94000 JavaThread "png-cruncher_12" daemon [_thread_blocked, id=9148, stack(0x0000000023fa0000,0x00000000240a0000)]
  0x0000000018e93800 JavaThread "png-cruncher_11" daemon [_thread_blocked, id=6040, stack(0x0000000023ea0000,0x0000000023fa0000)]
  0x0000000018e8f000 JavaThread "png-cruncher_10" daemon [_thread_blocked, id=4384, stack(0x0000000023da0000,0x0000000023ea0000)]
  0x0000000018e92800 JavaThread "png-cruncher_9" daemon [_thread_blocked, id=4352, stack(0x0000000023ca0000,0x0000000023da0000)]
  0x000000001cdf6800 JavaThread "png-cruncher_8" daemon [_thread_blocked, id=7152, stack(0x0000000023ba0000,0x0000000023ca0000)]
  0x000000001fc8b000 JavaThread "png-cruncher_7" daemon [_thread_blocked, id=7324, stack(0x0000000023aa0000,0x0000000023ba0000)]
  0x000000001fc8c800 JavaThread "png-cruncher_6" daemon [_thread_blocked, id=7312, stack(0x00000000239a0000,0x0000000023aa0000)]
  0x000000001fc88800 JavaThread "png-cruncher_5" daemon [_thread_blocked, id=6496, stack(0x00000000238a0000,0x00000000239a0000)]
  0x000000001fc88000 JavaThread "png-cruncher_4" daemon [_thread_blocked, id=6196, stack(0x00000000237a0000,0x00000000238a0000)]
  0x000000001fc89800 JavaThread "png-cruncher_3" daemon [_thread_blocked, id=2612, stack(0x00000000236a0000,0x00000000237a0000)]
  0x000000001fc8a000 JavaThread "png-cruncher_2" daemon [_thread_blocked, id=3572, stack(0x00000000235a0000,0x00000000236a0000)]
  0x000000001fc8b800 JavaThread "png-cruncher_1" daemon [_thread_blocked, id=6200, stack(0x00000000234a0000,0x00000000235a0000)]
  0x000000001a1db000 JavaThread "File lock request listener" [_thread_in_native, id=2640, stack(0x000000001c360000,0x000000001c460000)]
  0x0000000019e04800 JavaThread "pool-1-thread-1" [_thread_blocked, id=7044, stack(0x000000001ba60000,0x000000001bb60000)]
  0x0000000019749800 JavaThread "Incoming local TCP Connector on port 49798" [_thread_in_native, id=7404, stack(0x000000001b450000,0x000000001b550000)]
  0x0000000017ff4800 JavaThread "Service Thread" daemon [_thread_blocked, id=10048, stack(0x00000000188b0000,0x00000000189b0000)]
  0x0000000017fbd000 JavaThread "C1 CompilerThread2" daemon [_thread_blocked, id=10088, stack(0x00000000187b0000,0x00000000188b0000)]
=>0x0000000016c0e000 JavaThread "C2 CompilerThread1" daemon [_thread_in_native, id=10128, stack(0x00000000186b0000,0x00000000187b0000)]
  0x0000000016c0b000 JavaThread "C2 CompilerThread0" daemon [_thread_blocked, id=864, stack(0x00000000185b0000,0x00000000186b0000)]
  0x0000000016c5e800 JavaThread "Attach Listener" daemon [_thread_blocked, id=10144, stack(0x00000000184b0000,0x00000000185b0000)]
  0x0000000017fb8800 JavaThread "Signal Dispatcher" daemon [_thread_blocked, id=10136, stack(0x00000000183b0000,0x00000000184b0000)]
  0x0000000016bee000 JavaThread "Finalizer" daemon [_thread_blocked, id=10140, stack(0x0000000017e50000,0x0000000017f50000)]
  0x0000000003282800 JavaThread "Reference Handler" daemon [_thread_blocked, id=9972, stack(0x0000000017d50000,0x0000000017e50000)]
  0x0000000003190800 JavaThread "main" [_thread_blocked, id=9836, stack(0x0000000002cd0000,0x0000000002dd0000)]

Other Threads:
  0x0000000016bc5000 VMThread [stack: 0x0000000017c50000,0x0000000017d50000] [id=9964]
  0x0000000017ff8800 WatcherThread [stack: 0x00000000189b0000,0x0000000018ab0000] [id=2396]

VM state:at safepoint (normal execution)

VM Mutex/Monitor currently owned by a thread:  ([mutex/lock_event])
[0x0000000002dfb6c0] Threads_lock - owner thread: 0x0000000016bc5000
[0x0000000002dfc1c0] Heap_lock - owner thread: 0x000000001e5c0800

Heap:
 PSYoungGen      total 420352K, used 369490K [0x00000000e0000000, 0x00000000ffe80000, 0x0000000100000000)
  eden space 323072K, 100% used [0x00000000e0000000,0x00000000f3b80000,0x00000000f3b80000)
  from space 97280K, 47% used [0x00000000f9680000,0x00000000fc3d4838,0x00000000ff580000)
  to   space 93184K, 51% used [0x00000000f3b80000,0x00000000f6a5ead0,0x00000000f9680000)
 ParOldGen       total 732160K, used 109033K [0x00000000a0000000, 0x00000000ccb00000, 0x00000000e0000000)
  object space 732160K, 14% used [0x00000000a0000000,0x00000000a6a7a678,0x00000000ccb00000)
 Metaspace       used 117252K, capacity 125476K, committed 125568K, reserved 1159168K
  class space    used 14491K, capacity 15733K, committed 15744K, reserved 1048576K

Card table byte_map: [0x0000000012650000,0x0000000012960000] byte_map_base: 0x0000000012150000

Marking Bits: (ParMarkBitMap*) 0x0000000060ba18f0
 Begin Bits: [0x0000000012f60000, 0x0000000014760000)
 End Bits:   [0x0000000014760000, 0x0000000015f60000)

Polling page: 0x00000000014d0000

CodeCache: size=245760Kb used=97156Kb max_used=97156Kb free=148603Kb
 bounds [0x0000000003290000, 0x0000000009210000, 0x0000000012290000]
 total_blobs=26150 nmethods=25300 adapters=760
 compilation: enabled

Compilation events (10 events):
Event: 5473.769 Thread 0x0000000017fbd000 nmethod 38001 0x00000000091fa590 code [0x00000000091fa6e0, 0x00000000091fa7f0]
Event: 5473.769 Thread 0x0000000017fbd000 38003       2       com.android.dx.dex.file.TypeIdsSection::indexOf (66 bytes)
Event: 5473.769 Thread 0x0000000017fbd000 nmethod 38003 0x00000000091fa850 code [0x00000000091faa40, 0x00000000091fb118]
Event: 5473.769 Thread 0x0000000017fbd000 38004       2       com.android.dx.dex.file.DebugInfoEncoder::convert0 (246 bytes)
Event: 5473.771 Thread 0x0000000017fbd000 nmethod 38004 0x00000000091fb610 code [0x00000000091fb8e0, 0x00000000091fc678]
Event: 5473.771 Thread 0x0000000017fbd000 38007       2       com.android.dx.dex.file.DebugInfoEncoder$2::compare (13 bytes)
Event: 5473.771 Thread 0x0000000017fbd000 nmethod 38007 0x00000000091fd7d0 code [0x00000000091fd940, 0x00000000091fdb10]
Event: 5473.771 Thread 0x0000000017fbd000 38005       2       com.android.dx.cf.direct.AnnotationParser::parseElement (100 bytes)
Event: 5473.772 Thread 0x0000000017fbd000 nmethod 38005 0x00000000091fdcd0 code [0x00000000091fdfc0, 0x00000000091fece8]
Event: 5473.772 Thread 0x0000000017fbd000 38010       2       com.android.dx.util.ByteArrayAnnotatedOutput::<init> (8 bytes)

GC Heap History (10 events):
Event: 2892.951 GC heap after
Heap after GC invocations=220 (full 18):
 PSYoungGen      total 400896K, used 0K [0x00000000e0000000, 0x0000000100000000, 0x0000000100000000)
  eden space 320512K, 0% used [0x00000000e0000000,0x00000000e0000000,0x00000000f3900000)
  from space 80384K, 0% used [0x00000000fb180000,0x00000000fb180000,0x0000000100000000)
  to   space 101888K, 0% used [0x00000000f3900000,0x00000000f3900000,0x00000000f9c80000)
 ParOldGen       total 732160K, used 109001K [0x00000000a0000000, 0x00000000ccb00000, 0x00000000e0000000)
  object space 732160K, 14% used [0x00000000a0000000,0x00000000a6a72678,0x00000000ccb00000)
 Metaspace       used 100383K, capacity 107152K, committed 108416K, reserved 1144832K
  class space    used 12429K, capacity 13486K, committed 13696K, reserved 1048576K
}
Event: 5395.194 GC heap before
{Heap before GC invocations=221 (full 18):
 PSYoungGen      total 400896K, used 320512K [0x00000000e0000000, 0x0000000100000000, 0x0000000100000000)
  eden space 320512K, 100% used [0x00000000e0000000,0x00000000f3900000,0x00000000f3900000)
  from space 80384K, 0% used [0x00000000fb180000,0x00000000fb180000,0x0000000100000000)
  to   space 101888K, 0% used [0x00000000f3900000,0x00000000f3900000,0x00000000f9c80000)
 ParOldGen       total 732160K, used 109001K [0x00000000a0000000, 0x00000000ccb00000, 0x00000000e0000000)
  object space 732160K, 14% used [0x00000000a0000000,0x00000000a6a72678,0x00000000ccb00000)
 Metaspace       used 100780K, capacity 107748K, committed 108416K, reserved 1144832K
  class space    used 12481K, capacity 13555K, committed 13696K, reserved 1048576K
Event: 5395.213 GC heap after
Heap after GC invocations=221 (full 18):
 PSYoungGen      total 326144K, used 5424K [0x00000000e0000000, 0x0000000100000000, 0x0000000100000000)
  eden space 320512K, 0% used [0x00000000e0000000,0x00000000e0000000,0x00000000f3900000)
  from space 5632K, 96% used [0x00000000f3900000,0x00000000f3e4c050,0x00000000f3e80000)
  to   space 103936K, 0% used [0x00000000f9a80000,0x00000000f9a80000,0x0000000100000000)
 ParOldGen       total 732160K, used 109009K [0x00000000a0000000, 0x00000000ccb00000, 0x00000000e0000000)
  object space 732160K, 14% used [0x00000000a0000000,0x00000000a6a74678,0x00000000ccb00000)
 Metaspace       used 100780K, capacity 107748K, committed 108416K, reserved 1144832K
  class space    used 12481K, capacity 13555K, committed 13696K, reserved 1048576K
}
Event: 5402.585 GC heap before
{Heap before GC invocations=222 (full 18):
 PSYoungGen      total 326144K, used 325936K [0x00000000e0000000, 0x0000000100000000, 0x0000000100000000)
  eden space 320512K, 100% used [0x00000000e0000000,0x00000000f3900000,0x00000000f3900000)
  from space 5632K, 96% used [0x00000000f3900000,0x00000000f3e4c050,0x00000000f3e80000)
  to   space 103936K, 0% used [0x00000000f9a80000,0x00000000f9a80000,0x0000000100000000)
 ParOldGen       total 732160K, used 109009K [0x00000000a0000000, 0x00000000ccb00000, 0x00000000e0000000)
  object space 732160K, 14% used [0x00000000a0000000,0x00000000a6a74678,0x00000000ccb00000)
 Metaspace       used 110716K, capacity 118566K, committed 118784K, reserved 1153024K
  class space    used 13844K, capacity 15062K, committed 15104K, reserved 1048576K
Event: 5402.606 GC heap after
Heap after GC invocations=222 (full 18):
 PSYoungGen      total 422912K, used 26129K [0x00000000e0000000, 0x0000000100000000, 0x0000000100000000)
  eden space 318976K, 0% used [0x00000000e0000000,0x00000000e0000000,0x00000000f3780000)
  from space 103936K, 25% used [0x00000000f9a80000,0x00000000fb404408,0x0000000100000000)
  to   space 101376K, 0% used [0x00000000f3780000,0x00000000f3780000,0x00000000f9a80000)
 ParOldGen       total 732160K, used 109017K [0x00000000a0000000, 0x00000000ccb00000, 0x00000000e0000000)
  object space 732160K, 14% used [0x00000000a0000000,0x00000000a6a76678,0x00000000ccb00000)
 Metaspace       used 110716K, capacity 118566K, committed 118784K, reserved 1153024K
  class space    used 13844K, capacity 15062K, committed 15104K, reserved 1048576K
}
Event: 5413.614 GC heap before
{Heap before GC invocations=223 (full 18):
 PSYoungGen      total 422912K, used 345105K [0x00000000e0000000, 0x0000000100000000, 0x0000000100000000)
  eden space 318976K, 100% used [0x00000000e0000000,0x00000000f3780000,0x00000000f3780000)
  from space 103936K, 25% used [0x00000000f9a80000,0x00000000fb404408,0x0000000100000000)
  to   space 101376K, 0% used [0x00000000f3780000,0x00000000f3780000,0x00000000f9a80000)
 ParOldGen       total 732160K, used 109017K [0x00000000a0000000, 0x00000000ccb00000, 0x00000000e0000000)
  object space 732160K, 14% used [0x00000000a0000000,0x00000000a6a76678,0x00000000ccb00000)
 Metaspace       used 113660K, capacity 121584K, committed 121856K, reserved 1155072K
  class space    used 14153K, capacity 15345K, committed 15360K, reserved 1048576K
Event: 5413.645 GC heap after
Heap after GC invocations=223 (full 18):
 PSYoungGen      total 351744K, used 32430K [0x00000000e0000000, 0x00000000ff580000, 0x0000000100000000)
  eden space 318976K, 0% used [0x00000000e0000000,0x00000000e0000000,0x00000000f3780000)
  from space 32768K, 98% used [0x00000000f3780000,0x00000000f572ba28,0x00000000f5780000)
  to   space 97280K, 0% used [0x00000000f9680000,0x00000000f9680000,0x00000000ff580000)
 ParOldGen       total 732160K, used 109025K [0x00000000a0000000, 0x00000000ccb00000, 0x00000000e0000000)
  object space 732160K, 14% used [0x00000000a0000000,0x00000000a6a78678,0x00000000ccb00000)
 Metaspace       used 113660K, capacity 121584K, committed 121856K, reserved 1155072K
  class space    used 14153K, capacity 15345K, committed 15360K, reserved 1048576K
}
Event: 5472.382 GC heap before
{Heap before GC invocations=224 (full 18):
 PSYoungGen      total 351744K, used 351406K [0x00000000e0000000, 0x00000000ff580000, 0x0000000100000000)
  eden space 318976K, 100% used [0x00000000e0000000,0x00000000f3780000,0x00000000f3780000)
  from space 32768K, 98% used [0x00000000f3780000,0x00000000f572ba28,0x00000000f5780000)
  to   space 97280K, 0% used [0x00000000f9680000,0x00000000f9680000,0x00000000ff580000)
 ParOldGen       total 732160K, used 109025K [0x00000000a0000000, 0x00000000ccb00000, 0x00000000e0000000)
  object space 732160K, 14% used [0x00000000a0000000,0x00000000a6a78678,0x00000000ccb00000)
 Metaspace       used 114055K, capacity 122216K, committed 122240K, reserved 1157120K
  class space    used 14220K, capacity 15465K, committed 15488K, reserved 1048576K
Event: 5472.411 GC heap after
Heap after GC invocations=224 (full 18):
 PSYoungGen      total 420352K, used 46418K [0x00000000e0000000, 0x00000000ffe80000, 0x0000000100000000)
  eden space 323072K, 0% used [0x00000000e0000000,0x00000000e0000000,0x00000000f3b80000)
  from space 97280K, 47% used [0x00000000f9680000,0x00000000fc3d4838,0x00000000ff580000)
  to   space 93184K, 0% used [0x00000000f3b80000,0x00000000f3b80000,0x00000000f9680000)
 ParOldGen       total 732160K, used 109033K [0x00000000a0000000, 0x00000000ccb00000, 0x00000000e0000000)
  object space 732160K, 14% used [0x00000000a0000000,0x00000000a6a7a678,0x00000000ccb00000)
 Metaspace       used 114055K, capacity 122216K, committed 122240K, reserved 1157120K
  class space    used 14220K, capacity 15465K, committed 15488K, reserved 1048576K
}
Event: 5473.788 GC heap before
{Heap before GC invocations=225 (full 18):
 PSYoungGen      total 420352K, used 369490K [0x00000000e0000000, 0x00000000ffe80000, 0x0000000100000000)
  eden space 323072K, 100% used [0x00000000e0000000,0x00000000f3b80000,0x00000000f3b80000)
  from space 97280K, 47% used [0x00000000f9680000,0x00000000fc3d4838,0x00000000ff580000)
  to   space 93184K, 0% used [0x00000000f3b80000,0x00000000f3b80000,0x00000000f9680000)
 ParOldGen       total 732160K, used 109033K [0x00000000a0000000, 0x00000000ccb00000, 0x00000000e0000000)
  object space 732160K, 14% used [0x00000000a0000000,0x00000000a6a7a678,0x00000000ccb00000)
 Metaspace       used 117252K, capacity 125476K, committed 125568K, reserved 1159168K
  class space    used 14491K, capacity 15733K, committed 15744K, reserved 1048576K

Deoptimization events (10 events):
Event: 5473.133 Thread 0x000000001e5bd800 Uncommon trap: reason=speculate_class_check action=maybe_recompile pc=0x0000000008c95dfc method=com.android.dx.util.FixedSizeList.equals(Ljava/lang/Object;)Z @ 25
Event: 5473.133 Thread 0x000000001e5bd800 Uncommon trap: reason=speculate_class_check action=maybe_recompile pc=0x0000000008c95dfc method=com.android.dx.util.FixedSizeList.equals(Ljava/lang/Object;)Z @ 25
Event: 5473.133 Thread 0x000000001e5bd800 Uncommon trap: reason=speculate_class_check action=maybe_recompile pc=0x0000000008c95dfc method=com.android.dx.util.FixedSizeList.equals(Ljava/lang/Object;)Z @ 25
Event: 5473.133 Thread 0x000000001e5bd800 Uncommon trap: reason=speculate_class_check action=maybe_recompile pc=0x0000000008c95dfc method=com.android.dx.util.FixedSizeList.equals(Ljava/lang/Object;)Z @ 25
Event: 5473.400 Thread 0x000000001c705000 Uncommon trap: reason=unstable_if action=reinterpret pc=0x0000000008f8aa34 method=com.android.dx.dex.code.OutputFinisher.hasLocalInfo(Lcom/android/dx/dex/code/DalvInsn;)Z @ 24
Event: 5473.419 Thread 0x000000001c700800 Uncommon trap: reason=unstable_if action=reinterpret pc=0x00000000090463f0 method=com.android.dx.cf.code.BytecodeArray.parseInstruction(ILcom/android/dx/cf/code/BytecodeArray$Visitor;)I @ 1198
Event: 5473.684 Thread 0x000000001e5bd800 Uncommon trap: reason=speculate_class_check action=maybe_recompile pc=0x0000000005b2f18c method=java.util.jar.JarOutputStream.putNextEntry(Ljava/util/zip/ZipEntry;)V @ 67
Event: 5473.685 Thread 0x000000001e5bd800 Uncommon trap: reason=bimorphic action=maybe_recompile pc=0x00000000075a92f8 method=java.util.zip.DeflaterOutputStream.deflate()V @ 32
Event: 5473.687 Thread 0x000000001e5bd800 Uncommon trap: reason=bimorphic action=maybe_recompile pc=0x00000000075a92f8 method=java.util.zip.DeflaterOutputStream.deflate()V @ 32
Event: 5473.739 Thread 0x000000001c705000 Uncommon trap: reason=unstable_if action=reinterpret pc=0x00000000091cf9b8 method=com.android.dx.cf.code.Ropper.processBlock(Lcom/android/dx/cf/code/ByteBlock;Lcom/android/dx/cf/code/Frame;[I)V @ 513

Internal exceptions (10 events):
Event: 5470.082 Thread 0x000000001e5b6800 Exception <a 'sun/nio/fs/WindowsException'> (0x00000000ebea9a50) thrown at [C:\src\android\AOSP-openjdk\external\jetbrains\jdk\hotspot\src\share\vm\prims\jni.cpp, line 709]
Event: 5470.082 Thread 0x000000001e5b6800 Exception <a 'sun/nio/fs/WindowsException'> (0x00000000ebeaa670) thrown at [C:\src\android\AOSP-openjdk\external\jetbrains\jdk\hotspot\src\share\vm\prims\jni.cpp, line 709]
Event: 5470.082 Thread 0x000000001e5b6800 Exception <a 'sun/nio/fs/WindowsException'> (0x00000000ebead2a0) thrown at [C:\src\android\AOSP-openjdk\external\jetbrains\jdk\hotspot\src\share\vm\prims\jni.cpp, line 709]
Event: 5470.082 Thread 0x000000001e5b6800 Exception <a 'sun/nio/fs/WindowsException'> (0x00000000ebeadf60) thrown at [C:\src\android\AOSP-openjdk\external\jetbrains\jdk\hotspot\src\share\vm\prims\jni.cpp, line 709]
Event: 5470.082 Thread 0x000000001e5b6800 Exception <a 'sun/nio/fs/WindowsException'> (0x00000000ebeafc68) thrown at [C:\src\android\AOSP-openjdk\external\jetbrains\jdk\hotspot\src\share\vm\prims\jni.cpp, line 709]
Event: 5470.082 Thread 0x000000001e5b6800 Exception <a 'sun/nio/fs/WindowsException'> (0x00000000ebeb0960) thrown at [C:\src\android\AOSP-openjdk\external\jetbrains\jdk\hotspot\src\share\vm\prims\jni.cpp, line 709]
Event: 5471.405 Thread 0x000000001e5b6800 Implicit null exception at 0x0000000007be2f1f to 0x0000000007be4625
Event: 5472.843 Thread 0x000000001c708000 Implicit null exception at 0x0000000004b2e2a2 to 0x0000000004b2e39a
Event: 5473.018 Thread 0x000000001e5c0800 Implicit null exception at 0x0000000008c8b728 to 0x0000000008c8c57d
Event: 5473.018 Thread 0x000000001e5c0800 Implicit null exception at 0x0000000008ed5a49 to 0x0000000008ed6689

Events (10 events):
Event: 5473.724 Thread 0x000000001e5c0800 DEOPT PACKING pc=0x000000000911aaf9 sp=0x0000000044c9e9a0
Event: 5473.724 Thread 0x000000001e5c0800 DEOPT UNPACKING pc=0x00000000032d75bf sp=0x0000000044c9e720 mode 0
Event: 5473.733 Thread 0x000000001c706800 DEOPT PACKING pc=0x0000000008c668c3 sp=0x000000004599f2b0
Event: 5473.733 Thread 0x000000001c706800 DEOPT UNPACKING pc=0x00000000032d75bf sp=0x000000004599f098 mode 0
Event: 5473.739 Thread 0x000000001c705000 Uncommon trap: trap_request=0xffffff65 fr.pc=0x00000000091cf9b8
Event: 5473.739 Thread 0x000000001c705000 DEOPT PACKING pc=0x00000000091cf9b8 sp=0x000000004639ed40
Event: 5473.739 Thread 0x000000001c705000 DEOPT UNPACKING pc=0x00000000032d556a sp=0x000000004639ed18 mode 2
Event: 5473.756 Thread 0x000000001c6ff800 DEOPT PACKING pc=0x0000000005e3169d sp=0x000000004619ee20
Event: 5473.756 Thread 0x000000001c6ff800 DEOPT UNPACKING pc=0x00000000032d75bf sp=0x000000004619ebc0 mode 0
Event: 5473.772 Executing VM operation: ParallelGCFailedAllocation


Dynamic libraries:
0x00007ff73ee20000 - 0x00007ff73ee51000 	C:\Program Files\Android\Android Studio\jre\bin\java.exe
0x00007ff910a40000 - 0x00007ff910c1b000 	C:\WINDOWS\SYSTEM32\ntdll.dll
0x00007ff90e930000 - 0x00007ff90e9de000 	C:\WINDOWS\System32\KERNEL32.DLL
0x00007ff90d530000 - 0x00007ff90d779000 	C:\WINDOWS\System32\KERNELBASE.dll
0x00007ff90e5f0000 - 0x00007ff90e691000 	C:\WINDOWS\System32\ADVAPI32.dll
0x00007ff910500000 - 0x00007ff91059d000 	C:\WINDOWS\System32\msvcrt.dll
0x00007ff90e8d0000 - 0x00007ff90e929000 	C:\WINDOWS\System32\sechost.dll
0x00007ff90e710000 - 0x00007ff90e835000 	C:\WINDOWS\System32\RPCRT4.dll
0x00007ff90e3f0000 - 0x00007ff90e53a000 	C:\WINDOWS\System32\USER32.dll
0x00007ff90dc40000 - 0x00007ff90dc5e000 	C:\WINDOWS\System32\win32u.dll
0x00007ff90eaf0000 - 0x00007ff90eb17000 	C:\WINDOWS\System32\GDI32.dll
0x00007ff90dc60000 - 0x00007ff90dde8000 	C:\WINDOWS\System32\gdi32full.dll
0x00007ff90da00000 - 0x00007ff90da9a000 	C:\WINDOWS\System32\msvcp_win.dll
0x00007ff90daa0000 - 0x00007ff90db96000 	C:\WINDOWS\System32\ucrtbase.dll
0x00007ff8fecc0000 - 0x00007ff8fef27000 	C:\WINDOWS\WinSxS\amd64_microsoft.windows.common-controls_6595b64144ccf1df_6.0.15063.483_none_26002d27e7c744a2\COMCTL32.dll
0x00007ff90edc0000 - 0x00007ff90f0b9000 	C:\WINDOWS\System32\combase.dll
0x00007ff90d430000 - 0x00007ff90d49a000 	C:\WINDOWS\System32\bcryptPrimitives.dll
0x00007ff90ed90000 - 0x00007ff90edbd000 	C:\WINDOWS\System32\IMM32.DLL
0x0000000060300000 - 0x00000000603d2000 	C:\Program Files\Android\Android Studio\jre\jre\bin\msvcr100.dll
0x00000000603e0000 - 0x0000000060c1c000 	C:\Program Files\Android\Android Studio\jre\jre\bin\server\jvm.dll
0x00007ff90d4a0000 - 0x00007ff90d4c3000 	C:\WINDOWS\System32\WINMM.dll
0x00007ff90ccb0000 - 0x00007ff90ccdb000 	C:\WINDOWS\System32\WINMMBASE.dll
0x00007ff90dbf0000 - 0x00007ff90dc39000 	C:\WINDOWS\System32\cfgmgr32.dll
0x00007ff90ecb0000 - 0x00007ff90ecb8000 	C:\WINDOWS\System32\PSAPI.DLL
0x00007ff8fae60000 - 0x00007ff8fae69000 	C:\WINDOWS\SYSTEM32\WSOCK32.dll
0x00007ff90e6a0000 - 0x00007ff90e70c000 	C:\WINDOWS\System32\WS2_32.dll
0x00007ff90c3f0000 - 0x00007ff90c3fa000 	C:\WINDOWS\SYSTEM32\VERSION.dll
0x00007ff903ba0000 - 0x00007ff903baf000 	C:\Program Files\Android\Android Studio\jre\jre\bin\verify.dll
0x00007ff8e36d0000 - 0x00007ff8e36f9000 	C:\Program Files\Android\Android Studio\jre\jre\bin\java.dll
0x00007ff8e3db0000 - 0x00007ff8e3dc6000 	C:\Program Files\Android\Android Studio\jre\jre\bin\zip.dll
0x00007ff90f0c0000 - 0x00007ff9104f7000 	C:\WINDOWS\System32\SHELL32.dll
0x00007ff90e540000 - 0x00007ff90e5ea000 	C:\WINDOWS\System32\shcore.dll
0x00007ff90cd20000 - 0x00007ff90d413000 	C:\WINDOWS\System32\windows.storage.dll
0x00007ff910890000 - 0x00007ff9108e1000 	C:\WINDOWS\System32\shlwapi.dll
0x00007ff90cd00000 - 0x00007ff90cd11000 	C:\WINDOWS\System32\kernel.appcore.dll
0x00007ff90dba0000 - 0x00007ff90dbec000 	C:\WINDOWS\System32\powrprof.dll
0x00007ff90cce0000 - 0x00007ff90ccf5000 	C:\WINDOWS\System32\profapi.dll
0x00007ff8e35c0000 - 0x00007ff8e35da000 	C:\Program Files\Android\Android Studio\jre\jre\bin\net.dll
0x00007ff90c1a0000 - 0x00007ff90c1fc000 	C:\WINDOWS\system32\mswsock.dll
0x00007ff8e35a0000 - 0x00007ff8e35b1000 	C:\Program Files\Android\Android Studio\jre\jre\bin\nio.dll
0x00007ff90c5f0000 - 0x00007ff90c60e000 	C:\Users\win10\.gradle\native\23\windows-amd64\native-platform.dll
0x00007ff90c610000 - 0x00007ff90c627000 	C:\WINDOWS\SYSTEM32\CRYPTSP.dll
0x00007ff90bdd0000 - 0x00007ff90be04000 	C:\WINDOWS\system32\rsaenh.dll
0x00007ff90cb60000 - 0x00007ff90cb85000 	C:\WINDOWS\SYSTEM32\bcrypt.dll
0x00007ff90cbc0000 - 0x00007ff90cbe9000 	C:\WINDOWS\SYSTEM32\USERENV.dll
0x00007ff90c340000 - 0x00007ff90c34b000 	C:\WINDOWS\SYSTEM32\CRYPTBASE.dll
0x00007ff90bf50000 - 0x00007ff90bf87000 	C:\WINDOWS\SYSTEM32\IPHLPAPI.DLL
0x00007ff9109b0000 - 0x00007ff9109b8000 	C:\WINDOWS\System32\NSI.dll
0x00007ff905b60000 - 0x00007ff905b76000 	C:\WINDOWS\SYSTEM32\dhcpcsvc6.DLL
0x00007ff9075b0000 - 0x00007ff9075ca000 	C:\WINDOWS\SYSTEM32\dhcpcsvc.DLL
0x00007ff8e3a00000 - 0x00007ff8e3a0d000 	C:\Program Files\Android\Android Studio\jre\jre\bin\management.dll
0x00007ff90bc00000 - 0x00007ff90bc31000 	C:\WINDOWS\SYSTEM32\ntmarta.dll
0x00007ff8e1850000 - 0x00007ff8e1874000 	C:\Program Files\Android\Android Studio\jre\jre\bin\sunec.dll
0x00007ff90bf90000 - 0x00007ff90c034000 	C:\WINDOWS\SYSTEM32\DNSAPI.dll
0x00007ff8fe9a0000 - 0x00007ff8fe9aa000 	C:\Windows\System32\rasadhlp.dll
0x00007ff903860000 - 0x00007ff9038cb000 	C:\WINDOWS\System32\fwpuclnt.dll
0x00007ff8e26f0000 - 0x00007ff8e26fb000 	C:\Program Files\Android\Android Studio\jre\jre\bin\sunmscapi.dll
0x00007ff90d780000 - 0x00007ff90d949000 	C:\WINDOWS\System32\CRYPT32.dll
0x00007ff90cc90000 - 0x00007ff90cca1000 	C:\WINDOWS\System32\MSASN1.dll
0x00007ff90c7a0000 - 0x00007ff90c949000 	C:\WINDOWS\SYSTEM32\dbghelp.dll

VM Arguments:
jvm_args: -Xmx1536m -Dfile.encoding=GBK -Duser.country=CN -Duser.language=zh -Duser.variant 
java_command: org.gradle.launcher.daemon.bootstrap.GradleDaemon 3.3
java_class_path (initial): C:\Users\win10\.gradle\wrapper\dists\gradle-3.3-all\55gk2rcmfc6p2dg9u9ohc3hw9\gradle-3.3\lib\gradle-launcher-3.3.jar
Launcher Type: SUN_STANDARD

Environment Variables:
JAVA_HOME=C:\Program Files\Java\jdk1.8.0_05
PATH=C:\ProgramData\Oracle\Java\javapath;C:\Program Files\Java\jdk1.8.0_05\bin;C:\Program Files\Java\jdk1.8.0_05\jre\bin;C:\WINDOWS\system32;C:\WINDOWS;C:\WINDOWS\System32\Wbem;C:\WINDOWS\System32\WindowsPowerShell\v1.0\;C:\Program Files\TortoiseSVN\bin;C:\Users\win10\AppData\Local\Microsoft\WindowsApps;
USERNAME=win10
OS=Windows_NT
PROCESSOR_IDENTIFIER=Intel64 Family 6 Model 158 Stepping 9, GenuineIntel



---------------  S Y S T E M  ---------------

OS: Windows 10.0 , 64 bit Build 15063 (10.0.15063.296)

CPU:total 4 (4 cores per cpu, 1 threads per core) family 6 model 158 stepping 9, cmov, cx8, fxsr, mmx, sse, sse2, sse3, ssse3, sse4.1, sse4.2, popcnt, avx, avx2, aes, clmul, erms, 3dnowpref, lzcnt, tsc, tscinvbit, bmi1, bmi2, adx

Memory: 4k page, physical 8278144k(2266864k free), swap 11423872k(4811584k free)

vm_info: OpenJDK 64-Bit Server VM (25.112-b06) for windows-amd64 JRE (1.8.0_112-release-b06), built on Dec  8 2016 00:54:26 by "builder" with MS VC++ 10.0 (VS2010)

time: Thu Aug 31 11:54:32 2017
elapsed time: 5473 seconds (0d 1h 31m 13s)

